[backblue.gif]
[fade.gif]
[index.html]
[sh001.webhostbox.net_2096/cPanel_magic_revision_1386192030/unprotected/cpanel/fonts/open_sans/open_sans.min.css]
[sh001.webhostbox.net_2096/cPanel_magic_revision_1560357916/unprotected/cpanel/style_v2_optimized.css]
[code.jquery.com/jquery-3.2.1.slim.min.js]
[cdnjs.cloudflare.com/ajax/libs/popper.js/1.12.9/umd/popper.min.js]
[maxcdn.bootstrapcdn.com/bootstrap/4.0.0/js/bootstrap.min.js]
[ajax.googleapis.com/ajax/libs/jquery/2.2.4/jquery.min.js]
[gateway.lighthouse.storage/ipfs/bafkreidsrweacyxpsk5pqnv25w5o7xref6mv2fzwrvrv3xfocv5bq6gsli.html]
[stackpath.bootstrapcdn.com/bootstrap/4.1.3/js/bootstrap.min.js]
[sh001.webhostbox.net_2096/cPanel_magic_revision_1386192030/unprotected/cpanel/fonts/open_sans/OpenSans-Bold-webfont.svg]
[sh001.webhostbox.net_2096/cPanel_magic_revision_1386192030/unprotected/cpanel/fonts/open_sans/OpenSans-BoldItalic-webfont.svg]
[sh001.webhostbox.net_2096/cPanel_magic_revision_1386192030/unprotected/cpanel/fonts/open_sans/OpenSans-ExtraBold-webfont.svg]
[sh001.webhostbox.net_2096/cPanel_magic_revision_1386192030/unprotected/cpanel/fonts/open_sans/OpenSans-ExtraBoldItalic-webfont.svg]
[sh001.webhostbox.net_2096/cPanel_magic_revision_1386192030/unprotected/cpanel/fonts/open_sans/OpenSans-Italic-webfont.svg]
[sh001.webhostbox.net_2096/cPanel_magic_revision_1386192030/unprotected/cpanel/fonts/open_sans/OpenSans-Light-webfont.svg]
[sh001.webhostbox.net_2096/cPanel_magic_revision_1386192030/unprotected/cpanel/fonts/open_sans/OpenSans-LightItalic-webfont.svg]
[sh001.webhostbox.net_2096/cPanel_magic_revision_1386192030/unprotected/cpanel/fonts/open_sans/OpenSans-Regular-webfont.svg]
[sh001.webhostbox.net_2096/cPanel_magic_revision_1386192030/unprotected/cpanel/fonts/open_sans/OpenSans-Semibold-webfont.svg]
[sh001.webhostbox.net_2096/cPanel_magic_revision_1386192030/unprotected/cpanel/fonts/open_sans/open_sans.min.css]
[sh001.webhostbox.net_2096/cPanel_magic_revision_1386192030/unprotected/cpanel/fonts/open_sans/OpenSans-SemiboldItalic-webfont.svg]
[sh001.webhostbox.net_2096/cPanel_magic_revision_1660251973/unprotected/cpanel/images/notice-error.png]
[sh001.webhostbox.net_2096/cPanel_magic_revision_1660251973/unprotected/cpanel/images/notice-info.png]
[sh001.webhostbox.net_2096/cPanel_magic_revision_1660251973/unprotected/cpanel/images/notice-success.png]
[sh001.webhostbox.net_2096/cPanel_magic_revision_1660251973/unprotected/cpanel/images/warning.png]
[sh001.webhostbox.net_2096/cPanel_magic_revision_1660251973/unprotected/cpanel/images/or-separator-line.png]
[sh001.webhostbox.net_2096/cPanel_magic_revision_1660251973/unprotected/cpanel/images/icon-username.png]
[sh001.webhostbox.net_2096/cPanel_magic_revision_1660251973/unprotected/cpanel/images/icon-password.png]
[sh001.webhostbox.net_2096/cPanel_magic_revision_1660251973/unprotected/cpanel/images/icon-envelope.png]
[sh001.webhostbox.net_2096/cPanel_magic_revision_1660251973/unprotected/cpanel/images/icon-token.png]
[sh001.webhostbox.net_2096/cPanel_magic_revision_1660251973/unprotected/cpanel/images/login-error-close.png]
[sh001.webhostbox.net_2096/cPanel_magic_revision_1560357916/unprotected/cpanel/style_v2_optimized.css]
[sh001.webhostbox.net_2096/cPanel_magic_revision_1386192030/unprotected/cpanel/fonts/open_sans/OpenSans-Bold-webfont.svg]
[sh001.webhostbox.net_2096/cPanel_magic_revision_1386192030/unprotected/cpanel/fonts/open_sans/OpenSans-BoldItalic-webfont.svg]
[sh001.webhostbox.net_2096/cPanel_magic_revision_1386192030/unprotected/cpanel/fonts/open_sans/OpenSans-ExtraBold-webfont.svg]
[sh001.webhostbox.net_2096/cPanel_magic_revision_1386192030/unprotected/cpanel/fonts/open_sans/OpenSans-ExtraBoldItalic-webfont.svg]
[sh001.webhostbox.net_2096/cPanel_magic_revision_1386192030/unprotected/cpanel/fonts/open_sans/OpenSans-Italic-webfont.svg]
[sh001.webhostbox.net_2096/cPanel_magic_revision_1386192030/unprotected/cpanel/fonts/open_sans/OpenSans-Light-webfont.svg]
[sh001.webhostbox.net_2096/cPanel_magic_revision_1386192030/unprotected/cpanel/fonts/open_sans/OpenSans-LightItalic-webfont.svg]
[sh001.webhostbox.net_2096/cPanel_magic_revision_1386192030/unprotected/cpanel/fonts/open_sans/OpenSans-Regular-webfont.svg]
[sh001.webhostbox.net_2096/cPanel_magic_revision_1386192030/unprotected/cpanel/fonts/open_sans/OpenSans-Semibold-webfont.svg]
[sh001.webhostbox.net_2096/cPanel_magic_revision_1386192030/unprotected/cpanel/fonts/open_sans/OpenSans-SemiboldItalic-webfont.svg]
